# JRE version: OpenJDK Runtime Environment Microsoft-7208460 (11.0.18+10) (build 11.0.18+10-LTS)
# Java VM: OpenJDK 64-Bit Server VM Microsoft-7208460 (11.0.18+10-LTS, mixed mode, tiered, compressed oops, g1 gc, windows-amd64)
Heap:
 garbage-first heap   total 659456K, used 358481K [0x0000000080000000, 0x0000000100000000)
  region size 1024K, 3 young (3072K), 3 survivors (3072K)
 Metaspace       used 132695K, capacity 139652K, committed 139860K, reserved 636928K
  class space    used 17178K, capacity 19717K, committed 19840K, reserved 516096K
GC Heap History (20 events):
Event: 172.993 GC heap after
{Heap after GC invocations=93 (full 0):
 garbage-first heap   total 436224K, used 380163K [0x0000000080000000, 0x0000000100000000)
  region size 1024K, 3 young (3072K), 3 survivors (3072K)
 Metaspace       used 131976K, capacity 138954K, committed 139220K, reserved 636928K
  class space    used 17095K, capacity 19651K, committed 19712K, reserved 516096K
}
Event: 173.246 GC heap before
{Heap before GC invocations=93 (full 0):
 garbage-first heap   total 436224K, used 397571K [0x0000000080000000, 0x0000000100000000)
  region size 1024K, 21 young (21504K), 3 survivors (3072K)
 Metaspace       used 132165K, capacity 139236K, committed 139476K, reserved 636928K
  class space    used 17127K, capacity 19711K, committed 19712K, reserved 516096K
}
Event: 173.255 GC heap after
{Heap after GC invocations=94 (full 0):
 garbage-first heap   total 436224K, used 382464K [0x0000000080000000, 0x0000000100000000)
  region size 1024K, 3 young (3072K), 3 survivors (3072K)
 Metaspace       used 132165K, capacity 139236K, committed 139476K, reserved 636928K
  class space    used 17127K, capacity 19711K, committed 19712K, reserved 516096K
}
Event: 173.461 GC heap before
{Heap before GC invocations=94 (full 0):
 garbage-first heap   total 436224K, used 399872K [0x0000000080000000, 0x0000000100000000)
  region size 1024K, 21 young (21504K), 3 survivors (3072K)
 Metaspace       used 132183K, capacity 139238K, committed 139476K, reserved 636928K
  class space    used 17127K, capacity 19711K, committed 19712K, reserved 516096K
}
Event: 173.471 GC heap after
{Heap after GC invocations=95 (full 0):
 garbage-first heap   total 436224K, used 385225K [0x0000000080000000, 0x0000000100000000)
  region size 1024K, 3 young (3072K), 3 survivors (3072K)
 Metaspace       used 132183K, capacity 139238K, committed 139476K, reserved 636928K
  class space    used 17127K, capacity 19711K, committed 19712K, reserved 516096K
}
Event: 173.619 GC heap before
{Heap before GC invocations=95 (full 0):
 garbage-first heap   total 436224K, used 402633K [0x0000000080000000, 0x0000000100000000)
  region size 1024K, 21 young (21504K), 3 survivors (3072K)
 Metaspace       used 132194K, capacity 139241K, committed 139476K, reserved 636928K
  class space    used 17127K, capacity 19711K, committed 19712K, reserved 516096K
}
Event: 173.633 GC heap after
{Heap after GC invocations=96 (full 0):
 garbage-first heap   total 436224K, used 387418K [0x0000000080000000, 0x0000000100000000)
  region size 1024K, 3 young (3072K), 3 survivors (3072K)
 Metaspace       used 132194K, capacity 139241K, committed 139476K, reserved 636928K
  class space    used 17127K, capacity 19711K, committed 19712K, reserved 516096K
}
Event: 173.900 GC heap before
{Heap before GC invocations=96 (full 0):
 garbage-first heap   total 436224K, used 404826K [0x0000000080000000, 0x0000000100000000)
  region size 1024K, 21 young (21504K), 3 survivors (3072K)
 Metaspace       used 132212K, capacity 139241K, committed 139476K, reserved 636928K
  class space    used 17127K, capacity 19711K, committed 19712K, reserved 516096K
}
Event: 173.918 GC heap after
{Heap after GC invocations=97 (full 0):
 garbage-first heap   total 436224K, used 388742K [0x0000000080000000, 0x0000000100000000)
  region size 1024K, 3 young (3072K), 3 survivors (3072K)
 Metaspace       used 132212K, capacity 139241K, committed 139476K, reserved 636928K
  class space    used 17127K, capacity 19711K, committed 19712K, reserved 516096K
}
Event: 174.213 GC heap before
{Heap before GC invocations=97 (full 0):
 garbage-first heap   total 436224K, used 407174K [0x0000000080000000, 0x0000000100000000)
  region size 1024K, 21 young (21504K), 3 survivors (3072K)
 Metaspace       used 132705K, capacity 139696K, committed 139860K, reserved 636928K
  class space    used 17193K, capacity 19754K, committed 19840K, reserved 516096K
}
Event: 174.226 GC heap after
{Heap after GC invocations=98 (full 0):
 garbage-first heap   total 521216K, used 391482K [0x0000000080000000, 0x0000000100000000)
  region size 1024K, 3 young (3072K), 3 survivors (3072K)
 Metaspace       used 132705K, capacity 139696K, committed 139860K, reserved 636928K
  class space    used 17193K, capacity 19754K, committed 19840K, reserved 516096K
}
Event: 175.785 GC heap before
{Heap before GC invocations=98 (full 0):
 garbage-first heap   total 521216K, used 427322K [0x0000000080000000, 0x0000000100000000)
  region size 1024K, 39 young (39936K), 3 survivors (3072K)
 Metaspace       used 132765K, capacity 139769K, committed 139860K, reserved 636928K
  class space    used 17200K, capacity 19757K, committed 19840K, reserved 516096K
}
Event: 175.800 GC heap after
{Heap after GC invocations=99 (full 0):
 garbage-first heap   total 521216K, used 395389K [0x0000000080000000, 0x0000000100000000)
  region size 1024K, 5 young (5120K), 5 survivors (5120K)
 Metaspace       used 132765K, capacity 139769K, committed 139860K, reserved 636928K
  class space    used 17200K, capacity 19757K, committed 19840K, reserved 516096K
}
Event: 176.971 GC heap before
{Heap before GC invocations=99 (full 0):
 garbage-first heap   total 521216K, used 432253K [0x0000000080000000, 0x0000000100000000)
  region size 1024K, 42 young (43008K), 5 survivors (5120K)
 Metaspace       used 132695K, capacity 139652K, committed 139860K, reserved 636928K
  class space    used 17178K, capacity 19717K, committed 19840K, reserved 516096K
}
Event: 176.993 GC heap after
{Heap after GC invocations=100 (full 0):
 garbage-first heap   total 521216K, used 395564K [0x0000000080000000, 0x0000000100000000)
  region size 1024K, 4 young (4096K), 4 survivors (4096K)
 Metaspace       used 132695K, capacity 139652K, committed 139860K, reserved 636928K
  class space    used 17178K, capacity 19717K, committed 19840K, reserved 516096K
}
Event: 178.146 GC heap before
{Heap before GC invocations=101 (full 0):
 garbage-first heap   total 521216K, used 435500K [0x0000000080000000, 0x0000000100000000)
  region size 1024K, 43 young (44032K), 4 survivors (4096K)
 Metaspace       used 132695K, capacity 139652K, committed 139860K, reserved 636928K
  class space    used 17178K, capacity 19717K, committed 19840K, reserved 516096K
}
Event: 178.156 GC heap after
{Heap after GC invocations=102 (full 0):
 garbage-first heap   total 521216K, used 396563K [0x0000000080000000, 0x0000000100000000)
  region size 1024K, 5 young (5120K), 5 survivors (5120K)
 Metaspace       used 132695K, capacity 139652K, committed 139860K, reserved 636928K
  class space    used 17178K, capacity 19717K, committed 19840K, reserved 516096K
}
Event: 178.503 GC heap before
{Heap before GC invocations=102 (full 0):
 garbage-first heap   total 521216K, used 417043K [0x0000000080000000, 0x0000000100000000)
  region size 1024K, 25 young (25600K), 5 survivors (5120K)
 Metaspace       used 132695K, capacity 139652K, committed 139860K, reserved 636928K
  class space    used 17178K, capacity 19717K, committed 19840K, reserved 516096K
}
Event: 178.589 GC heap after
{Heap after GC invocations=103 (full 0):
 garbage-first heap   total 521216K, used 364792K [0x0000000080000000, 0x0000000100000000)
  region size 1024K, 4 young (4096K), 4 survivors (4096K)
 Metaspace       used 132695K, capacity 139652K, committed 139860K, reserved 636928K
  class space    used 17178K, capacity 19717K, committed 19840K, reserved 516096K
}
Event: 178.791 GC heap before
{Heap before GC invocations=103 (full 0):
 garbage-first heap   total 521216K, used 386296K [0x0000000080000000, 0x0000000100000000)
  region size 1024K, 25 young (25600K), 4 survivors (4096K)
 Metaspace       used 132695K, capacity 139652K, committed 139860K, reserved 636928K
  class space    used 17178K, capacity 19717K, committed 19840K, reserved 516096K
}

