# JRE version: OpenJDK Runtime Environment Microsoft-7208460 (11.0.18+10) (build 11.0.18+10-LTS)
# Java VM: OpenJDK 64-Bit Server VM Microsoft-7208460 (11.0.18+10-LTS, mixed mode, tiered, compressed oops, g1 gc, windows-amd64)
Heap:
 garbage-first heap   total 471040K, used 300250K [0x0000000080000000, 0x0000000100000000)
  region size 1024K, 22 young (22528K), 9 survivors (9216K)
 Metaspace       used 123886K, capacity 129195K, committed 129364K, reserved 628736K
  class space    used 16002K, capacity 18006K, committed 18048K, reserved 516096K
GC Heap History (20 events):
Event: 130.690 GC heap before
{Heap before GC invocations=61 (full 0):
 garbage-first heap   total 391168K, used 284184K [0x0000000080000000, 0x0000000100000000)
  region size 1024K, 84 young (86016K), 7 survivors (7168K)
 Metaspace       used 119251K, capacity 124121K, committed 124372K, reserved 624640K
  class space    used 15485K, capacity 17334K, committed 17408K, reserved 516096K
}
Event: 130.729 GC heap after
{Heap after GC invocations=62 (full 0):
 garbage-first heap   total 391168K, used 214028K [0x0000000080000000, 0x0000000100000000)
  region size 1024K, 9 young (9216K), 9 survivors (9216K)
 Metaspace       used 119251K, capacity 124121K, committed 124372K, reserved 624640K
  class space    used 15485K, capacity 17334K, committed 17408K, reserved 516096K
}
Event: 132.354 GC heap before
{Heap before GC invocations=62 (full 0):
 garbage-first heap   total 391168K, used 291852K [0x0000000080000000, 0x0000000100000000)
  region size 1024K, 86 young (88064K), 9 survivors (9216K)
 Metaspace       used 120437K, capacity 125427K, committed 125652K, reserved 624640K
  class space    used 15655K, capacity 17560K, committed 17664K, reserved 516096K
}
Event: 132.418 GC heap after
{Heap after GC invocations=63 (full 0):
 garbage-first heap   total 391168K, used 222163K [0x0000000080000000, 0x0000000100000000)
  region size 1024K, 8 young (8192K), 8 survivors (8192K)
 Metaspace       used 120437K, capacity 125427K, committed 125652K, reserved 624640K
  class space    used 15655K, capacity 17560K, committed 17664K, reserved 516096K
}
Event: 138.244 GC heap before
{Heap before GC invocations=63 (full 0):
 garbage-first heap   total 391168K, used 301011K [0x0000000080000000, 0x0000000100000000)
  region size 1024K, 86 young (88064K), 8 survivors (8192K)
 Metaspace       used 120980K, capacity 126140K, committed 126164K, reserved 626688K
  class space    used 15709K, capacity 17655K, committed 17664K, reserved 516096K
}
Event: 138.288 GC heap after
{Heap after GC invocations=64 (full 0):
 garbage-first heap   total 471040K, used 230400K [0x0000000080000000, 0x0000000100000000)
  region size 1024K, 10 young (10240K), 10 survivors (10240K)
 Metaspace       used 120980K, capacity 126140K, committed 126164K, reserved 626688K
  class space    used 15709K, capacity 17655K, committed 17664K, reserved 516096K
}
Event: 149.746 GC heap before
{Heap before GC invocations=64 (full 0):
 garbage-first heap   total 471040K, used 345088K [0x0000000080000000, 0x0000000100000000)
  region size 1024K, 123 young (125952K), 10 survivors (10240K)
 Metaspace       used 121841K, capacity 127078K, committed 127316K, reserved 626688K
  class space    used 15799K, capacity 17767K, committed 17792K, reserved 516096K
}
Event: 149.890 GC heap after
{Heap after GC invocations=65 (full 0):
 garbage-first heap   total 471040K, used 244455K [0x0000000080000000, 0x0000000100000000)
  region size 1024K, 15 young (15360K), 15 survivors (15360K)
 Metaspace       used 121841K, capacity 127078K, committed 127316K, reserved 626688K
  class space    used 15799K, capacity 17767K, committed 17792K, reserved 516096K
}
Event: 153.105 GC heap before
{Heap before GC invocations=65 (full 0):
 garbage-first heap   total 471040K, used 360167K [0x0000000080000000, 0x0000000100000000)
  region size 1024K, 129 young (132096K), 15 survivors (15360K)
 Metaspace       used 123332K, capacity 128590K, committed 128852K, reserved 628736K
  class space    used 15946K, capacity 17924K, committed 18048K, reserved 516096K
}
Event: 153.188 GC heap after
{Heap after GC invocations=66 (full 0):
 garbage-first heap   total 471040K, used 257945K [0x0000000080000000, 0x0000000100000000)
  region size 1024K, 15 young (15360K), 15 survivors (15360K)
 Metaspace       used 123332K, capacity 128590K, committed 128852K, reserved 628736K
  class space    used 15946K, capacity 17924K, committed 18048K, reserved 516096K
}
Event: 155.729 GC heap before
{Heap before GC invocations=66 (full 0):
 garbage-first heap   total 471040K, used 370585K [0x0000000080000000, 0x0000000100000000)
  region size 1024K, 126 young (129024K), 15 survivors (15360K)
 Metaspace       used 123520K, capacity 128798K, committed 129108K, reserved 628736K
  class space    used 15961K, capacity 17943K, committed 18048K, reserved 516096K
}
Event: 155.809 GC heap after
{Heap after GC invocations=67 (full 0):
 garbage-first heap   total 471040K, used 265216K [0x0000000080000000, 0x0000000100000000)
  region size 1024K, 10 young (10240K), 10 survivors (10240K)
 Metaspace       used 123520K, capacity 128798K, committed 129108K, reserved 628736K
  class space    used 15961K, capacity 17943K, committed 18048K, reserved 516096K
}
Event: 157.480 GC heap before
{Heap before GC invocations=67 (full 0):
 garbage-first heap   total 471040K, used 379904K [0x0000000080000000, 0x0000000100000000)
  region size 1024K, 122 young (124928K), 10 survivors (10240K)
 Metaspace       used 123520K, capacity 128798K, committed 129108K, reserved 628736K
  class space    used 15961K, capacity 17943K, committed 18048K, reserved 516096K
}
Event: 157.517 GC heap after
{Heap after GC invocations=68 (full 0):
 garbage-first heap   total 471040K, used 271838K [0x0000000080000000, 0x0000000100000000)
  region size 1024K, 9 young (9216K), 9 survivors (9216K)
 Metaspace       used 123520K, capacity 128798K, committed 129108K, reserved 628736K
  class space    used 15961K, capacity 17943K, committed 18048K, reserved 516096K
}
Event: 158.438 GC heap before
{Heap before GC invocations=68 (full 0):
 garbage-first heap   total 471040K, used 386526K [0x0000000080000000, 0x0000000100000000)
  region size 1024K, 121 young (123904K), 9 survivors (9216K)
 Metaspace       used 123520K, capacity 128798K, committed 129108K, reserved 628736K
  class space    used 15961K, capacity 17943K, committed 18048K, reserved 516096K
}
Event: 158.462 GC heap after
{Heap after GC invocations=69 (full 0):
 garbage-first heap   total 471040K, used 276992K [0x0000000080000000, 0x0000000100000000)
  region size 1024K, 14 young (14336K), 14 survivors (14336K)
 Metaspace       used 123520K, capacity 128798K, committed 129108K, reserved 628736K
  class space    used 15961K, capacity 17943K, committed 18048K, reserved 516096K
}
Event: 159.345 GC heap before
{Heap before GC invocations=69 (full 0):
 garbage-first heap   total 471040K, used 390656K [0x0000000080000000, 0x0000000100000000)
  region size 1024K, 125 young (128000K), 14 survivors (14336K)
 Metaspace       used 123520K, capacity 128798K, committed 129108K, reserved 628736K
  class space    used 15961K, capacity 17943K, committed 18048K, reserved 516096K
}
Event: 159.390 GC heap after
{Heap after GC invocations=70 (full 0):
 garbage-first heap   total 471040K, used 282444K [0x0000000080000000, 0x0000000100000000)
  region size 1024K, 14 young (14336K), 14 survivors (14336K)
 Metaspace       used 123520K, capacity 128798K, committed 129108K, reserved 628736K
  class space    used 15961K, capacity 17943K, committed 18048K, reserved 516096K
}
Event: 160.580 GC heap before
{Heap before GC invocations=70 (full 0):
 garbage-first heap   total 471040K, used 393036K [0x0000000080000000, 0x0000000100000000)
  region size 1024K, 123 young (125952K), 14 survivors (14336K)
 Metaspace       used 123694K, capacity 129020K, committed 129108K, reserved 628736K
  class space    used 15982K, capacity 17971K, committed 18048K, reserved 516096K
}
Event: 160.625 GC heap after
{Heap after GC invocations=71 (full 0):
 garbage-first heap   total 471040K, used 288986K [0x0000000080000000, 0x0000000100000000)
  region size 1024K, 9 young (9216K), 9 survivors (9216K)
 Metaspace       used 123694K, capacity 129020K, committed 129108K, reserved 628736K
  class space    used 15982K, capacity 17971K, committed 18048K, reserved 516096K
}

